Backfill window: 2026-01-24 → 2026-04-28 (95 days)
  already in DB: 0
  to pull:       95

[1/95] 2026-01-24 ...
  ✓ ✓ 0 rows

[2/95] 2026-01-25 ...
  ✓ ✓ 0 rows

[3/95] 2026-01-26 ...
  ✓ ✓ 0 rows

[4/95] 2026-01-27 ...
  ✓ ✓ 0 rows

[5/95] 2026-01-28 ...
  ✓ ✓ 0 rows

[6/95] 2026-01-29 ...
  ✓ ✓ 0 rows

[7/95] 2026-01-30 ...
  ✓ ✓ 0 rows

[8/95] 2026-01-31 ...
  ✓ ✓ 0 rows

[9/95] 2026-02-01 ...
  ✓ ✓ 0 rows

[10/95] 2026-02-02 ...
  ✓ ✓ 0 rows

[11/95] 2026-02-03 ...
  ✓ ✓ 0 rows

[12/95] 2026-02-04 ...
  ✓ ✓ 0 rows

[13/95] 2026-02-05 ...
  ✓ ✓ 0 rows

[14/95] 2026-02-06 ...
  ✓ ✓ 0 rows

[15/95] 2026-02-07 ...
  ✓ ✓ 0 rows

[16/95] 2026-02-08 ...
